[xpanthersolutions.com/html/neon/vertical/index.html]
[backblue.gif]
[fade.gif]
[index.html]
[xpanthersolutions.com/html/neon/vertical/assets/images/favicon.ico]
[xpanthersolutions.com/html/neon/vertical/ui-kits-alerts.html]
[xpanthersolutions.com/html/neon/vertical/ui-kits-badges.html]
[xpanthersolutions.com/html/neon/vertical/ui-kits-buttons.html]
[xpanthersolutions.com/html/neon/vertical/ui-kits-cards.html]
[xpanthersolutions.com/html/neon/vertical/ui-kits-carousel.html]
[xpanthersolutions.com/html/neon/vertical/ui-kits-collapse.html]
[xpanthersolutions.com/html/neon/vertical/ui-kits-dropdowns.html]
[xpanthersolutions.com/html/neon/vertical/ui-kits-grids.html]
[xpanthersolutions.com/html/neon/vertical/ui-kits-images.html]
[xpanthersolutions.com/html/neon/vertical/ui-kits-media.html]
[xpanthersolutions.com/html/neon/vertical/ui-kits-modals.html]
[xpanthersolutions.com/html/neon/vertical/ui-kits-paginations.html]
[xpanthersolutions.com/html/neon/vertical/ui-kits-popovers.html]
[xpanthersolutions.com/html/neon/vertical/ui-kits-progressbars.html]
[xpanthersolutions.com/html/neon/vertical/ui-kits-tabs.html]
[xpanthersolutions.com/html/neon/vertical/ui-kits-tooltips.html]
[xpanthersolutions.com/html/neon/vertical/ui-kits-typography.html]
[xpanthersolutions.com/html/neon/vertical/components-nestable.html]
[xpanthersolutions.com/html/neon/vertical/components-ratings.html]
[xpanthersolutions.com/html/neon/vertical/components-range-slider.html]
[xpanthersolutions.com/html/neon/vertical/components-switchery.html]
[xpanthersolutions.com/html/neon/vertical/components-treeview.html]
[xpanthersolutions.com/html/neon/vertical/components-widgets.html]
[xpanthersolutions.com/html/neon/vertical/icon-material-design.html]
[xpanthersolutions.com/html/neon/vertical/icon-font-awesome.html]
[xpanthersolutions.com/html/neon/vertical/icon-simple-line.html]
[xpanthersolutions.com/html/neon/vertical/icon-themify.html]
[xpanthersolutions.com/html/neon/vertical/icon-typicons.html]
[xpanthersolutions.com/html/neon/vertical/icon-ionicons.html]
[xpanthersolutions.com/html/neon/vertical/icon-dripicons.html]
[xpanthersolutions.com/html/neon/vertical/events.html]
[xpanthersolutions.com/html/neon/vertical/form-inputs.html]
[xpanthersolutions.com/html/neon/vertical/form-groups.html]
[xpanthersolutions.com/html/neon/vertical/form-layouts.html]
[xpanthersolutions.com/html/neon/vertical/form-validations.html]
[xpanthersolutions.com/html/neon/vertical/form-editors.html]
[xpanthersolutions.com/html/neon/vertical/form-file-uploads.html]
[xpanthersolutions.com/html/neon/vertical/form-colorpickers.html]
[xpanthersolutions.com/html/neon/vertical/form-datepickers.html]
[xpanthersolutions.com/html/neon/vertical/form-maxlength.html]
[xpanthersolutions.com/html/neon/vertical/form-touchspin.html]
[xpanthersolutions.com/html/neon/vertical/form-input-mask.html]
[xpanthersolutions.com/html/neon/vertical/form-selects.html]
[xpanthersolutions.com/html/neon/vertical/form-xeditable.html]
[xpanthersolutions.com/html/neon/vertical/form-wizards.html]
[xpanthersolutions.com/html/neon/vertical/email-inbox.html]
[xpanthersolutions.com/html/neon/vertical/email-open.html]
[xpanthersolutions.com/html/neon/vertical/email-compose.html]
[xpanthersolutions.com/html/neon/vertical/chart-chartistjs.html]
[xpanthersolutions.com/html/neon/vertical/chart-chartjs.html]
[xpanthersolutions.com/html/neon/vertical/chart-c3.html]
[xpanthersolutions.com/html/neon/vertical/chart-flot.html]
[xpanthersolutions.com/html/neon/vertical/chart-morris.html]
[xpanthersolutions.com/html/neon/vertical/chart-knob.html]
[xpanthersolutions.com/html/neon/vertical/chart-piety.html]
[xpanthersolutions.com/html/neon/vertical/chart-sparkline.html]
[xpanthersolutions.com/html/neon/vertical/table-bootstrap.html]
[xpanthersolutions.com/html/neon/vertical/table-datatable.html]
[xpanthersolutions.com/html/neon/vertical/table-editable.html]
[xpanthersolutions.com/html/neon/vertical/table-rwdtable.html]
[xpanthersolutions.com/html/neon/vertical/map-google.html]
[xpanthersolutions.com/html/neon/vertical/map-vector.html]
[xpanthersolutions.com/html/neon/vertical/page-login.html]
[xpanthersolutions.com/html/neon/vertical/page-register.html]
[xpanthersolutions.com/html/neon/vertical/page-forgotpsw.html]
[xpanthersolutions.com/html/neon/vertical/page-lock-screen.html]
[xpanthersolutions.com/html/neon/vertical/page-comingsoon.html]
[xpanthersolutions.com/html/neon/vertical/page-maintenance.html]
[xpanthersolutions.com/html/neon/vertical/page-404.html]
[xpanthersolutions.com/html/neon/vertical/page-403.html]
[xpanthersolutions.com/html/neon/vertical/page-500.html]
[xpanthersolutions.com/html/neon/vertical/page-503.html]
[xpanthersolutions.com/html/neon/vertical/page-starter.html]
[xpanthersolutions.com/html/neon/vertical/page-timeline.html]
[xpanthersolutions.com/html/neon/vertical/page-pricing.html]
[xpanthersolutions.com/html/neon/vertical/page-invoice.html]
[xpanthersolutions.com/html/neon/vertical/page-faq.html]
[xpanthersolutions.com/html/neon/vertical/assets/images/topbar/user-message-1.jpg]
[xpanthersolutions.com/html/neon/vertical/assets/images/topbar/user-message-2.jpg]
[xpanthersolutions.com/html/neon/vertical/assets/images/topbar/user-message-3.jpg]
[xpanthersolutions.com/html/neon/vertical/assets/images/topbar/user.jpg]
[xpanthersolutions.com/html/neon/vertical/assets/images/ui-images/image-circle.jpg]
[xpanthersolutions.com/html/neon/vertical/assets/images/ui-images/image-rounded.jpg]
[xpanthersolutions.com/html/neon/vertical/assets/images/ui-images/image-thumbnail.jpg]
[xpanthersolutions.com/html/neon/vertical/assets/images/ui-media/media-image-8.jpg]
[xpanthersolutions.com/html/neon/vertical/assets/js/jquery.min.js]
[xpanthersolutions.com/html/neon/vertical/assets/js/popper.min.js]
[xpanthersolutions.com/html/neon/vertical/assets/js/bootstrap.min.js]
[xpanthersolutions.com/html/neon/vertical/assets/js/modernizr.min.js]
[xpanthersolutions.com/html/neon/vertical/assets/js/detect.js]
[xpanthersolutions.com/html/neon/vertical/assets/js/jquery.slimscroll.js]
[xpanthersolutions.com/html/neon/vertical/assets/js/sidebar-menu.js]
[xpanthersolutions.com/html/neon/vertical/assets/plugins/chartist-js/chartist.min.js]
[xpanthersolutions.com/html/neon/vertical/assets/plugins/chartist-js/chartist-plugin-tooltip.min.js]
[xpanthersolutions.com/html/neon/vertical/assets/js/init/to-do-list-init.js]
[xpanthersolutions.com/html/neon/vertical/assets/plugins/datepicker/datepicker.min.js]
[xpanthersolutions.com/html/neon/vertical/assets/plugins/datepicker/i18n/datepicker.en.js]
[xpanthersolutions.com/html/neon/vertical/assets/js/init/dashborad.js]
[xpanthersolutions.com/html/neon/vertical/assets/js/main.js]
[xpanthersolutions.com/html/neon/vertical/index.html]
[xpanthersolutions.com/html/neon/vertical/assets/plugins/chartist-js/chartist.min.css]
[xpanthersolutions.com/html/neon/vertical/assets/plugins/datepicker/datepicker.min.css]
[xpanthersolutions.com/html/neon/vertical/assets/css/bootstrap.min.css]
[themera.net/embed/themera3504.js]
[xpanthersolutions.com/html/neon/vertical/assets/fonts/fontawesome-webfont3e6e.eot]
[xpanthersolutions.com/html/neon/vertical/assets/fonts/fontawesome-webfontd41d.eot]
[xpanthersolutions.com/html/neon/vertical/assets/fonts/fontawesome-webfont3e6e.woff2]
[xpanthersolutions.com/html/neon/vertical/assets/fonts/fontawesome-webfont3e6e.woff]
[xpanthersolutions.com/html/neon/vertical/assets/fonts/fontawesome-webfont3e6e.ttf]
[xpanthersolutions.com/html/neon/vertical/assets/fonts/materialdesignicons-webfont5ba3.eot]
[xpanthersolutions.com/html/neon/vertical/assets/fonts/materialdesignicons-webfontd41d.eot]
[xpanthersolutions.com/html/neon/vertical/assets/fonts/materialdesignicons-webfont5ba3.woff2]
[xpanthersolutions.com/html/neon/vertical/assets/fonts/materialdesignicons-webfont5ba3.woff]
[xpanthersolutions.com/html/neon/vertical/assets/fonts/materialdesignicons-webfont5ba3.ttf]
[xpanthersolutions.com/html/neon/vertical/assets/fonts/themify9f24.eot]
[xpanthersolutions.com/html/neon/vertical/assets/fonts/themifyd41d.eot]
[xpanthersolutions.com/html/neon/vertical/assets/fonts/themify9f24.ttf]
[xpanthersolutions.com/html/neon/vertical/assets/fonts/dripicons-v2.eot]
[xpanthersolutions.com/html/neon/vertical/assets/fonts/dripicons-v2.woff]
[xpanthersolutions.com/html/neon/vertical/assets/fonts/dripicons-v2d41d.eot]
[xpanthersolutions.com/html/neon/vertical/assets/fonts/dripicons-v2.ttf]
[xpanthersolutions.com/html/neon/vertical/assets/fonts/Simple-Line-Iconsb26c.eot]
[xpanthersolutions.com/html/neon/vertical/assets/fonts/Simple-Line-Iconsb26c.woff2]
[xpanthersolutions.com/html/neon/vertical/assets/fonts/Simple-Line-Iconsb26c.ttf]
[xpanthersolutions.com/html/neon/vertical/assets/fonts/Simple-Line-Iconsb26c.woff]
[xpanthersolutions.com/html/neon/vertical/assets/fonts/typicons.eot]
[xpanthersolutions.com/html/neon/vertical/assets/fonts/typicons.woff]
[xpanthersolutions.com/html/neon/vertical/assets/fonts/typiconsd41d.eot]
[xpanthersolutions.com/html/neon/vertical/assets/fonts/typicons.ttf]
[xpanthersolutions.com/html/neon/vertical/assets/fonts/ionicons2117.eot]
[xpanthersolutions.com/html/neon/vertical/assets/fonts/ionicons2117.woff2]
[xpanthersolutions.com/html/neon/vertical/assets/fonts/ionicons2117.woff]
[xpanthersolutions.com/html/neon/vertical/assets/fonts/ionicons2117.ttf]
[xpanthersolutions.com/html/neon/vertical/assets/css/icons.css]
[xpanthersolutions.com/html/neon/vertical/assets/plugins/ion-rangeSlider/sprite-skin-flat.png]
[xpanthersolutions.com/html/neon/vertical/assets/images/authentication/authentication-bg.png]
[xpanthersolutions.com/html/neon/vertical/assets/css/style.css]
[xpanthersolutions.com/html/neon/vertical/assets/images/logo.svg]
[xpanthersolutions.com/html/neon/vertical/assets/plugins/sweet-alert2/sweetalert2.min.js]
[xpanthersolutions.com/html/neon/vertical/assets/js/init/sweet-alert-init.js]
[xpanthersolutions.com/html/neon/vertical/assets/plugins/jquery-confirm/js/jquery-confirm.js]
[xpanthersolutions.com/html/neon/vertical/assets/js/init/confirm-init.js]
[xpanthersolutions.com/html/neon/vertical/ui-kits-alerts.html]
[xpanthersolutions.com/html/neon/vertical/ui-kits-badges.html]
[xpanthersolutions.com/html/neon/vertical/ui-kits-buttons.html]
[xpanthersolutions.com/html/neon/vertical/assets/images/ui-cards/ui-cards-1.jpg]
[xpanthersolutions.com/html/neon/vertical/assets/images/ui-cards/ui-cards-2.jpg]
[xpanthersolutions.com/html/neon/vertical/assets/images/ui-cards/ui-cards-3.jpg]
[xpanthersolutions.com/html/neon/vertical/assets/images/ui-cards/ui-cards-4.jpg]
[xpanthersolutions.com/html/neon/vertical/assets/images/ui-cards/ui-cards-5.jpg]
[xpanthersolutions.com/html/neon/vertical/assets/images/ui-cards/ui-cards-6.jpg]
[xpanthersolutions.com/html/neon/vertical/assets/images/ui-cards/ui-cards-7.jpg]
[xpanthersolutions.com/html/neon/vertical/assets/images/ui-cards/ui-cards-8.jpg]
[xpanthersolutions.com/html/neon/vertical/assets/images/ui-cards/ui-cards-9.jpg]
[xpanthersolutions.com/html/neon/vertical/assets/images/ui-cards/ui-cards-10.jpg]
[xpanthersolutions.com/html/neon/vertical/assets/images/ui-cards/ui-cards-11.jpg]
[xpanthersolutions.com/html/neon/vertical/assets/images/ui-cards/ui-cards-12.jpg]
[xpanthersolutions.com/html/neon/vertical/assets/images/ui-cards/ui-cards-13.jpg]
[xpanthersolutions.com/html/neon/vertical/assets/images/ui-cards/ui-cards-14.jpg]
[xpanthersolutions.com/html/neon/vertical/assets/images/ui-cards/ui-cards-15.jpg]
[xpanthersolutions.com/html/neon/vertical/assets/images/ui-cards/ui-cards-16.jpg]
[xpanthersolutions.com/html/neon/vertical/ui-kits-cards.html]
[xpanthersolutions.com/html/neon/vertical/assets/images/ui-carousel/ui-carousel-1.jpg]
[xpanthersolutions.com/html/neon/vertical/assets/images/ui-carousel/ui-carousel-2.jpg]
[xpanthersolutions.com/html/neon/vertical/assets/images/ui-carousel/ui-carousel-3.jpg]
[xpanthersolutions.com/html/neon/vertical/assets/images/ui-carousel/ui-carousel-4.jpg]
[xpanthersolutions.com/html/neon/vertical/assets/images/ui-carousel/ui-carousel-5.jpg]
[xpanthersolutions.com/html/neon/vertical/assets/images/ui-carousel/ui-carousel-6.jpg]
[xpanthersolutions.com/html/neon/vertical/assets/images/ui-carousel/ui-carousel-7.jpg]
[xpanthersolutions.com/html/neon/vertical/assets/images/ui-carousel/ui-carousel-8.jpg]
[xpanthersolutions.com/html/neon/vertical/assets/images/ui-carousel/ui-carousel-9.jpg]
[xpanthersolutions.com/html/neon/vertical/assets/images/ui-carousel/ui-carousel-10.jpg]
[xpanthersolutions.com/html/neon/vertical/assets/images/ui-carousel/ui-carousel-11.jpg]
[xpanthersolutions.com/html/neon/vertical/assets/images/ui-carousel/ui-carousel-12.jpg]
[xpanthersolutions.com/html/neon/vertical/assets/images/ui-carousel/ui-carousel-13.jpg]
[xpanthersolutions.com/html/neon/vertical/assets/images/ui-carousel/ui-carousel-14.jpg]
[xpanthersolutions.com/html/neon/vertical/assets/images/ui-carousel/ui-carousel-15.jpg]
[xpanthersolutions.com/html/neon/vertical/ui-kits-carousel.html]
[xpanthersolutions.com/html/neon/vertical/ui-kits-collapse.html]
[xpanthersolutions.com/html/neon/vertical/ui-kits-dropdowns.html]
[xpanthersolutions.com/html/neon/vertical/ui-kits-grids.html]
[xpanthersolutions.com/html/neon/vertical/assets/images/ui-images/image-center.jpg]
[xpanthersolutions.com/html/neon/vertical/assets/images/ui-images/image-responsive.jpg]
[xpanthersolutions.com/html/neon/vertical/ui-kits-images.html]
[xpanthersolutions.com/html/neon/vertical/assets/images/ui-media/media-image-1.jpg]
[xpanthersolutions.com/html/neon/vertical/assets/images/ui-media/media-image-2.jpg]
[xpanthersolutions.com/html/neon/vertical/assets/images/ui-media/media-image-3.jpg]
[xpanthersolutions.com/html/neon/vertical/assets/images/ui-media/media-image-4.jpg]
[xpanthersolutions.com/html/neon/vertical/assets/images/ui-media/media-image-5.jpg]
[xpanthersolutions.com/html/neon/vertical/assets/images/ui-media/media-image-6.jpg]
[xpanthersolutions.com/html/neon/vertical/assets/images/ui-media/media-image-7.jpg]
[xpanthersolutions.com/html/neon/vertical/assets/images/ui-media/media-image-9.jpg]
[xpanthersolutions.com/html/neon/vertical/assets/images/ui-media/media-image-10.jpg]
[xpanthersolutions.com/html/neon/vertical/ui-kits-media.html]
[xpanthersolutions.com/html/neon/vertical/assets/js/init/model-init.js]
[xpanthersolutions.com/html/neon/vertical/ui-kits-modals.html]
[xpanthersolutions.com/html/neon/vertical/ui-kits-paginations.html]
[xpanthersolutions.com/html/neon/vertical/ui-kits-popovers.html]
[xpanthersolutions.com/html/neon/vertical/ui-kits-progressbars.html]
[xpanthersolutions.com/html/neon/vertical/ui-kits-tabs.html]
[xpanthersolutions.com/html/neon/vertical/ui-kits-tooltips.html]
[xpanthersolutions.com/html/neon/vertical/ui-kits-typography.html]
[xpanthersolutions.com/html/neon/vertical/assets/plugins/nestable/jquery.nestable.min.js]
[xpanthersolutions.com/html/neon/vertical/assets/js/init/nestable-init.js]
[xpanthersolutions.com/html/neon/vertical/components-nestable.html]
[xpanthersolutions.com/html/neon/vertical/assets/plugins/jquery-bar-rating/jquery.barrating.min.js]
[xpanthersolutions.com/html/neon/vertical/assets/js/init/barrating-init.js]
[xpanthersolutions.com/html/neon/vertical/components-ratings.html]
[xpanthersolutions.com/html/neon/vertical/assets/plugins/ion-rangeSlider/ion.rangeSlider.min.js]
[xpanthersolutions.com/html/neon/vertical/assets/js/init/range-slider-init.js]
[xpanthersolutions.com/html/neon/vertical/components-range-slider.html]
[xpanthersolutions.com/html/neon/vertical/assets/plugins/switchery/switchery.min.js]
[xpanthersolutions.com/html/neon/vertical/assets/js/init/switchery-init.js]
[xpanthersolutions.com/html/neon/vertical/components-switchery.html]
[xpanthersolutions.com/html/neon/vertical/assets/plugins/jstree/jstree.min.js]
[xpanthersolutions.com/html/neon/vertical/assets/js/init/jstree-init.js]
[xpanthersolutions.com/html/neon/vertical/components-treeview.html]
[xpanthersolutions.com/html/neon/vertical/assets/plugins/jquery-knob/excanvas.js]
[xpanthersolutions.com/html/neon/vertical/assets/plugins/jquery-knob/jquery.knob.min.js]
[xpanthersolutions.com/html/neon/vertical/assets/js/init/knob-init.js]
[xpanthersolutions.com/html/neon/vertical/components-widgets.html]
[xpanthersolutions.com/html/neon/vertical/icon-material-design.html]
[xpanthersolutions.com/html/neon/vertical/icon-font-awesome.html]
[xpanthersolutions.com/html/neon/vertical/icon-simple-line.html]
[xpanthersolutions.com/html/neon/vertical/icon-themify.html]
[xpanthersolutions.com/html/neon/vertical/icon-typicons.html]
[xpanthersolutions.com/html/neon/vertical/icon-ionicons.html]
[xpanthersolutions.com/html/neon/vertical/icon-dripicons.html]
[xpanthersolutions.com/html/neon/vertical/assets/plugins/jquery-ui/jquery-ui.min.js]
[xpanthersolutions.com/html/neon/vertical/assets/plugins/moment/moment.js]
[xpanthersolutions.com/html/neon/vertical/assets/plugins/fullcalendar/js/fullcalendar.min.js]
[xpanthersolutions.com/html/neon/vertical/assets/js/init/event-init.js]
[xpanthersolutions.com/html/neon/vertical/events.html]
[xpanthersolutions.com/html/neon/vertical/form-inputs.html]
[xpanthersolutions.com/html/neon/vertical/form-groups.html]
[xpanthersolutions.com/html/neon/vertical/form-layouts.html]
[xpanthersolutions.com/html/neon/vertical/assets/plugins/validatejs/validate.min.js]
[xpanthersolutions.com/html/neon/vertical/assets/js/init/validate-init.js]
[xpanthersolutions.com/html/neon/vertical/assets/js/init/form-validation-init.js]
[xpanthersolutions.com/html/neon/vertical/form-validations.html]
[xpanthersolutions.com/html/neon/vertical/assets/plugins/tinymce/tinymce.min.js]
[xpanthersolutions.com/html/neon/vertical/assets/plugins/summernote/summernote-bs4.min.js]
[xpanthersolutions.com/html/neon/vertical/assets/plugins/code-mirror/codemirror.js]
[xpanthersolutions.com/html/neon/vertical/assets/plugins/code-mirror/htmlmixed.js]
[xpanthersolutions.com/html/neon/vertical/assets/plugins/code-mirror/css.js]
[xpanthersolutions.com/html/neon/vertical/assets/plugins/code-mirror/javascript.js]
[xpanthersolutions.com/html/neon/vertical/assets/plugins/code-mirror/xml.js]
[xpanthersolutions.com/html/neon/vertical/assets/js/init/form-editor-init.js]
[xpanthersolutions.com/html/neon/vertical/form-editors.html]
[xpanthersolutions.com/html/neon/vertical/assets/plugins/dropzone/dist/dropzone.js]
[xpanthersolutions.com/html/neon/vertical/form-file-uploads.html]
[xpanthersolutions.com/html/neon/vertical/assets/plugins/colorpicker/bootstrap-colorpicker.js]
[xpanthersolutions.com/html/neon/vertical/assets/js/init/form-colorpicker-init.js]
[xpanthersolutions.com/html/neon/vertical/form-colorpickers.html]
[xpanthersolutions.com/html/neon/vertical/assets/js/init/form-datepicker-init.js]
[xpanthersolutions.com/html/neon/vertical/form-datepickers.html]
[xpanthersolutions.com/html/neon/vertical/assets/plugins/bootstrap-maxlength/bootstrap-maxlength.js]
[xpanthersolutions.com/html/neon/vertical/assets/js/init/form-maxlength-init.js]
[xpanthersolutions.com/html/neon/vertical/form-maxlength.html]
[xpanthersolutions.com/html/neon/vertical/assets/plugins/bootstrap-touchspin/jquery.bootstrap-touchspin.min.js]
[xpanthersolutions.com/html/neon/vertical/assets/js/init/form-touchspin-init.js]
[xpanthersolutions.com/html/neon/vertical/form-touchspin.html]
[xpanthersolutions.com/html/neon/vertical/assets/plugins/bootstrap-inputmask/jquery.inputmask.bundle.min.js]
[xpanthersolutions.com/html/neon/vertical/assets/js/init/form-inputmask-init.js]
[xpanthersolutions.com/html/neon/vertical/form-input-mask.html]
[xpanthersolutions.com/html/neon/vertical/assets/plugins/select2/select2.min.js]
[xpanthersolutions.com/html/neon/vertical/assets/js/init/form-select-init.js]
[xpanthersolutions.com/html/neon/vertical/assets/plugins/bootstrap-tagsinput/bootstrap-tagsinput.min.js]
[xpanthersolutions.com/html/neon/vertical/assets/plugins/bootstrap-tagsinput/typeahead.bundle.js]
[xpanthersolutions.com/html/neon/vertical/form-selects.html]
[xpanthersolutions.com/html/neon/vertical/assets/plugins/bootstrap-xeditable/js/bootstrap-editable.min.js]
[xpanthersolutions.com/html/neon/vertical/assets/js/init/form-xeditable-init.js]
[xpanthersolutions.com/html/neon/vertical/form-xeditable.html]
[xpanthersolutions.com/html/neon/vertical/assets/plugins/jquery-step/jquery.steps.min.js]
[xpanthersolutions.com/html/neon/vertical/assets/js/init/form-step-init.js]
[xpanthersolutions.com/html/neon/vertical/form-wizards.html]
[xpanthersolutions.com/html/neon/vertical/email-inbox.html]
[xpanthersolutions.com/html/neon/vertical/assets/images/email/email-user.jpg]
[xpanthersolutions.com/html/neon/vertical/assets/images/email/email-attach-1.jpg]
[xpanthersolutions.com/html/neon/vertical/assets/images/email/email-attach-2.jpg]
[xpanthersolutions.com/html/neon/vertical/email-open.html]
[xpanthersolutions.com/html/neon/vertical/assets/js/init/email-init.js]
[xpanthersolutions.com/html/neon/vertical/email-compose.html]
[xpanthersolutions.com/html/neon/vertical/assets/js/init/chartistjs-init.js]
[xpanthersolutions.com/html/neon/vertical/chart-chartistjs.html]
[xpanthersolutions.com/html/neon/vertical/assets/plugins/chart.js/chart.min.js]
[xpanthersolutions.com/html/neon/vertical/assets/plugins/chart.js/chart-bundle.min.js]
[xpanthersolutions.com/html/neon/vertical/assets/js/init/chartjs-init.js]
[xpanthersolutions.com/html/neon/vertical/chart-chartjs.html]
[xpanthersolutions.com/html/neon/vertical/assets/plugins/d3/d3.min.js]
[xpanthersolutions.com/html/neon/vertical/assets/plugins/c3/c3.min.js]
[xpanthersolutions.com/html/neon/vertical/assets/js/init/c3-chart-init.js]
[xpanthersolutions.com/html/neon/vertical/chart-c3.html]
[xpanthersolutions.com/html/neon/vertical/assets/plugins/flot-chart/jquery.flot.min.js]
[xpanthersolutions.com/html/neon/vertical/assets/plugins/flot-chart/jquery.flot.tooltip.min.js]
[xpanthersolutions.com/html/neon/vertical/assets/plugins/flot-chart/jquery.colorhelpers.js]
[xpanthersolutions.com/html/neon/vertical/assets/plugins/flot-chart/jquery.flot.categories.js]
[xpanthersolutions.com/html/neon/vertical/assets/plugins/flot-chart/jquery.flot.errorbars.js]
[xpanthersolutions.com/html/neon/vertical/assets/plugins/flot-chart/jquery.flot.fillbetween.js]
[xpanthersolutions.com/html/neon/vertical/assets/plugins/flot-chart/jquery.flot.image.js]
[xpanthersolutions.com/html/neon/vertical/assets/plugins/flot-chart/jquery.flot.navigate.js]
[xpanthersolutions.com/html/neon/vertical/assets/plugins/flot-chart/jquery.flot.orderBars.min.js]
[xpanthersolutions.com/html/neon/vertical/assets/plugins/flot-chart/jquery.flot.pie.js]
[xpanthersolutions.com/html/neon/vertical/assets/plugins/flot-chart/jquery.flot.resize.js]
[xpanthersolutions.com/html/neon/vertical/assets/plugins/flot-chart/jquery.flot.selection.js]
[xpanthersolutions.com/html/neon/vertical/assets/plugins/flot-chart/jquery.flot.stack.js]
[xpanthersolutions.com/html/neon/vertical/assets/plugins/flot-chart/jquery.flot.symbol.js]
[xpanthersolutions.com/html/neon/vertical/assets/plugins/flot-chart/jquery.flot.threshold.js]
[xpanthersolutions.com/html/neon/vertical/assets/plugins/flot-chart/jquery.flot.time.js]
[xpanthersolutions.com/html/neon/vertical/assets/plugins/flot-chart/jquery.flot.canvas.js]
[xpanthersolutions.com/html/neon/vertical/assets/plugins/flot-chart/curvedLines.js]
[xpanthersolutions.com/html/neon/vertical/assets/plugins/flot-chart/jquery.flot.crosshair.js]
[xpanthersolutions.com/html/neon/vertical/assets/js/init/flot-init.js]
[xpanthersolutions.com/html/neon/vertical/chart-flot.html]
[xpanthersolutions.com/html/neon/vertical/assets/plugins/morris/morris.min.js]
[xpanthersolutions.com/html/neon/vertical/assets/plugins/raphael/raphael-min.js]
[xpanthersolutions.com/html/neon/vertical/assets/js/init/morris-init.js]
[xpanthersolutions.com/html/neon/vertical/chart-morris.html]
[xpanthersolutions.com/html/neon/vertical/chart-knob.html]
[xpanthersolutions.com/html/neon/vertical/assets/plugins/peity/jquery.peity.min.js]
[xpanthersolutions.com/html/neon/vertical/assets/js/init/piety-init.js]
[xpanthersolutions.com/html/neon/vertical/chart-piety.html]
[xpanthersolutions.com/html/neon/vertical/assets/plugins/jquery-sparkline/jquery.sparkline.min.js]
[xpanthersolutions.com/html/neon/vertical/assets/js/init/sparkline-init.js]
[xpanthersolutions.com/html/neon/vertical/chart-sparkline.html]
[xpanthersolutions.com/html/neon/vertical/table-bootstrap.html]
[xpanthersolutions.com/html/neon/vertical/assets/plugins/datatables/jquery.dataTables.min.js]
[xpanthersolutions.com/html/neon/vertical/assets/plugins/datatables/dataTables.bootstrap4.min.js]
[xpanthersolutions.com/html/neon/vertical/assets/plugins/datatables/dataTables.buttons.min.js]
[xpanthersolutions.com/html/neon/vertical/assets/plugins/datatables/buttons.bootstrap4.min.js]
[xpanthersolutions.com/html/neon/vertical/assets/plugins/datatables/jszip.min.js]
[xpanthersolutions.com/html/neon/vertical/assets/plugins/datatables/pdfmake.min.js]
[xpanthersolutions.com/html/neon/vertical/assets/plugins/datatables/vfs_fonts.js]
[xpanthersolutions.com/html/neon/vertical/assets/plugins/datatables/buttons.html5.min.js]
[xpanthersolutions.com/html/neon/vertical/assets/plugins/datatables/buttons.print.min.js]
[xpanthersolutions.com/html/neon/vertical/assets/plugins/datatables/buttons.colVis.min.js]
[xpanthersolutions.com/html/neon/vertical/assets/plugins/datatables/dataTables.responsive.min.js]
[xpanthersolutions.com/html/neon/vertical/assets/plugins/datatables/responsive.bootstrap4.min.js]
[xpanthersolutions.com/html/neon/vertical/assets/js/init/table-datatable-init.js]
[xpanthersolutions.com/html/neon/vertical/table-datatable.html]
[xpanthersolutions.com/html/neon/vertical/assets/plugins/tabledit/jquery.tabledit.js]
[xpanthersolutions.com/html/neon/vertical/assets/js/init/table-editable-init.js]
[xpanthersolutions.com/html/neon/vertical/table-editable.html]
[xpanthersolutions.com/html/neon/vertical/assets/plugins/rwd-table-patterns/rwd-table.min.js]
[xpanthersolutions.com/html/neon/vertical/assets/js/init/table-rwd-init.js]
[xpanthersolutions.com/html/neon/vertical/table-rwdtable.html]
[xpanthersolutions.com/html/neon/vertical/assets/plugins/gmaps/gmaps.min.js]
[xpanthersolutions.com/html/neon/vertical/assets/js/init/gmaps-init.js]
[xpanthersolutions.com/html/neon/vertical/map-google.html]
[xpanthersolutions.com/html/neon/vertical/assets/plugins/jvectormap/jquery-jvectormap-2.0.2.min.js]
[xpanthersolutions.com/html/neon/vertical/assets/plugins/jvectormap/jquery-jvectormap-world-mill-en.js]
[xpanthersolutions.com/html/neon/vertical/assets/plugins/jvectormap/gdp-data.js]
[xpanthersolutions.com/html/neon/vertical/assets/plugins/jvectormap/jquery-jvectormap-us-aea-en.js]
[xpanthersolutions.com/html/neon/vertical/assets/plugins/jvectormap/jquery-jvectormap-in-mill.js]
[xpanthersolutions.com/html/neon/vertical/assets/plugins/jvectormap/jquery-jvectormap-au-mill.js]
[xpanthersolutions.com/html/neon/vertical/assets/plugins/jvectormap/jquery-jvectormap-fr_regions-mill.js]
[xpanthersolutions.com/html/neon/vertical/assets/js/init/jvectormap-init.js]
[xpanthersolutions.com/html/neon/vertical/map-vector.html]
[xpanthersolutions.com/html/neon/vertical/page-login.html]
[xpanthersolutions.com/html/neon/vertical/page-register.html]
[xpanthersolutions.com/html/neon/vertical/page-forgotpsw.html]
[xpanthersolutions.com/html/neon/vertical/assets/images/authentication/lock-user.jpg]
[xpanthersolutions.com/html/neon/vertical/page-lock-screen.html]
[xpanthersolutions.com/html/neon/vertical/assets/plugins/jquery-countdown/jquery.countdown.min.js]
[xpanthersolutions.com/html/neon/vertical/assets/js/init/comingsoon-init.js]
[xpanthersolutions.com/html/neon/vertical/page-comingsoon.html]
[xpanthersolutions.com/html/neon/vertical/page-maintenance.html]
[xpanthersolutions.com/html/neon/vertical/page-404.html]
[xpanthersolutions.com/html/neon/vertical/page-403.html]
[xpanthersolutions.com/html/neon/vertical/page-500.html]
[xpanthersolutions.com/html/neon/vertical/page-503.html]
[xpanthersolutions.com/html/neon/vertical/page-starter.html]
[xpanthersolutions.com/html/neon/vertical/assets/plugins/vertical-timeline/vertical-timeline.js]
[xpanthersolutions.com/html/neon/vertical/page-timeline.html]
[xpanthersolutions.com/html/neon/vertical/page-pricing.html]
[xpanthersolutions.com/html/neon/vertical/page-invoice.html]
[xpanthersolutions.com/html/neon/vertical/page-faq.html]
[xpanthersolutions.com/html/neon/vertical/GET]
[themera.net/embed/themera3504.js]
[xpanthersolutions.com/html/neon/vertical/assets/fonts/fontawesome-webfont3e6e.svg]
[xpanthersolutions.com/html/neon/vertical/assets/fonts/themify9f24.svg]
[xpanthersolutions.com/html/neon/vertical/assets/fonts/dripicons-v2.svg]
[xpanthersolutions.com/html/neon/vertical/assets/fonts/Simple-Line-Iconsb26c.svg]
[xpanthersolutions.com/html/neon/vertical/assets/fonts/typicons.svg]
[xpanthersolutions.com/html/neon/vertical/assets/fonts/themify9f24.woff]
[xpanthersolutions.com/html/neon/vertical/assets/fonts/ionicons2117.svg]
[xpanthersolutions.com/html/neon/vertical/assets/plugins/sweet-alert2/sweetalert2.min.css]
[xpanthersolutions.com/html/neon/vertical/assets/plugins/jquery-confirm/css/jquery-confirm.css]
[xpanthersolutions.com/html/neon/vertical/assets/plugins/animate/animate.css]
[xpanthersolutions.com/html/neon/vertical/assets/plugins/nestable/jquery.nestable.min.css]
[xpanthersolutions.com/html/neon/vertical/assets/plugins/ion-rangeSlider/ion.rangeSlider.css]
[xpanthersolutions.com/html/neon/vertical/assets/plugins/switchery/switchery.min.css]
[xpanthersolutions.com/html/neon/vertical/assets/plugins/jstree/32px.png]
[xpanthersolutions.com/html/neon/vertical/assets/plugins/jstree/throbber.gif]
[xpanthersolutions.com/html/neon/vertical/assets/plugins/jstree/jstree.min.css]
[xpanthersolutions.com/html/neon/vertical/assets/plugins/fullcalendar/css/fullcalendar.min.css]
[xpanthersolutions.com/html/neon/vertical/assets/plugins/jstree/40px.png]
[xpanthersolutions.com/html/neon/vertical/assets/plugins/summernote/font/summernote291f.eot]
[xpanthersolutions.com/html/neon/vertical/assets/plugins/summernote/font/summernoted41d.eot]
[xpanthersolutions.com/html/neon/vertical/assets/plugins/summernote/font/summernote291f.woff]
[xpanthersolutions.com/html/neon/vertical/assets/plugins/summernote/font/summernote291f.ttf]
[xpanthersolutions.com/html/neon/vertical/assets/plugins/summernote/summernote-bs4.css]
[xpanthersolutions.com/html/neon/vertical/assets/plugins/code-mirror/codemirror.css]
[xpanthersolutions.com/html/neon/vertical/assets/plugins/dropzone/dist/dropzone.css]
[xpanthersolutions.com/html/neon/vertical/assets/plugins/colorpicker/bootstrap-colorpicker.css]
[xpanthersolutions.com/html/neon/vertical/assets/plugins/bootstrap-touchspin/jquery.bootstrap-touchspin.min.css]
[xpanthersolutions.com/html/neon/vertical/assets/plugins/select2/select2.min.css]
[xpanthersolutions.com/html/neon/vertical/assets/plugins/bootstrap-tagsinput/bootstrap-tagsinput.css]
[xpanthersolutions.com/html/neon/vertical/assets/plugins/bootstrap-tagsinput/bootstrap-tagsinput-typeahead.css]
[xpanthersolutions.com/html/neon/vertical/assets/plugins/bootstrap-xeditable/img/loading.gif]
[xpanthersolutions.com/html/neon/vertical/assets/plugins/bootstrap-xeditable/img/clear.png]
[xpanthersolutions.com/html/neon/vertical/assets/plugins/bootstrap-xeditable/css/bootstrap-editable.css]
[xpanthersolutions.com/html/neon/vertical/assets/plugins/c3/c3.min.css]
[xpanthersolutions.com/html/neon/vertical/assets/plugins/morris/morris.css]
[xpanthersolutions.com/html/neon/vertical/assets/plugins/datatables/dataTables.bootstrap4.min.css]
[xpanthersolutions.com/html/neon/vertical/assets/plugins/datatables/buttons.bootstrap4.min.css]
[xpanthersolutions.com/html/neon/vertical/assets/plugins/datatables/responsive.bootstrap4.min.css]
[xpanthersolutions.com/html/neon/vertical/assets/plugins/rwd-table-patterns/rwd-table.min.css]
[xpanthersolutions.com/html/neon/vertical/assets/plugins/jvectormap/jquery-jvectormap-2.0.2.css]
[xpanthersolutions.com/html/neon/vertical/assets/plugins/vertical-timeline/vertical-timeline.css]
[xpanthersolutions.com/html/neon/vertical/GET.html]
[xpanthersolutions.com/html/neon/vertical/assets/fonts/materialdesignicons-webfont5ba3.svg]
